<?xml version="1.0" encoding="UTF-8"?>
<!-- Generated by org.testng.reporters.JUnitReportReporter -->
<testsuite hostname="DESKTOP-VV5T8OA" failures="0" tests="1" name="tests.Tests" time="19.433" errors="0" timestamp="24 ago. 2022 17:39:25 GMT" skipped="0">
  <testcase classname="tests.Tests" name="CP00_registro_ok" time="19.433"/>
</testsuite> <!-- tests.Tests -->
