<?xml version="1.0" encoding="UTF-8"?>
<!-- Generated by org.testng.reporters.JUnitReportReporter -->
<testsuite hostname="DESKTOP-VV5T8OA" failures="0" tests="7" name="tests.Tests" time="60.931" errors="0" timestamp="29 ago. 2022 14:43:32 GMT" skipped="0">
  <testcase classname="tests.Tests" name="CP06LoginPassInvalido" time="5.891"/>
  <testcase classname="tests.Tests" name="CP00registrook" time="12.804"/>
  <testcase classname="tests.Tests" name="CP004VoteCommunityPollSinLoggear" time="5.829"/>
  <testcase classname="tests.Tests" name="CP05AgregarProducto" time="11.414"/>
  <testcase classname="tests.Tests" name="CP01RegistroNOOK" time="10.581"/>
  <testcase classname="tests.Tests" name="CP03LoginUserInvalido" time="5.759"/>
  <testcase classname="tests.Tests" name="CP07SubNewsletter" time="8.653"/>
</testsuite> <!-- tests.Tests -->
