<?xml version="1.0" encoding="UTF-8"?>
<!-- Generated by org.testng.reporters.JUnitReportReporter -->
<testsuite hostname="DESKTOP-VV5T8OA" failures="0" tests="5" name="tests.Tests" time="41.930" errors="0" timestamp="29 ago. 2022 14:39:34 GMT" skipped="0">
  <testcase classname="tests.Tests" name="CP05AgregarProducto" time="12.336"/>
  <testcase classname="tests.Tests" name="CP03LoginUserInvalido" time="6.522"/>
  <testcase classname="tests.Tests" name="CP07SubNewsletter" time="8.055"/>
  <testcase classname="tests.Tests" name="CP06LoginPassInvalido" time="6.182"/>
  <testcase classname="tests.Tests" name="CP004VoteCommunityPollSinLoggear" time="8.835"/>
</testsuite> <!-- tests.Tests -->
