<?xml version="1.0" encoding="UTF-8"?>
<!-- Generated by org.testng.reporters.JUnitReportReporter -->
<testsuite hostname="DESKTOP-VV5T8OA" failures="0" tests="5" name="tests.Tests" time="39.253" errors="0" timestamp="29 ago. 2022 14:32:05 GMT" skipped="0">
  <testcase classname="tests.Tests" name="CP05AgregarProducto" time="12.293"/>
  <testcase classname="tests.Tests" name="CP03LoginUserInvalido" time="6.633"/>
  <testcase classname="tests.Tests" name="CP07SubNewsletter" time="8.086"/>
  <testcase classname="tests.Tests" name="CP06LoginPassInvalido" time="6.008"/>
  <testcase classname="tests.Tests" name="CP004VoteCommunityPollSinLoggear" time="6.233"/>
</testsuite> <!-- tests.Tests -->
