<?xml version="1.0" encoding="UTF-8"?>
<!-- Generated by org.testng.reporters.JUnitReportReporter -->
<testsuite hostname="DESKTOP-VV5T8OA" failures="0" tests="1" name="tests.Tests" time="9.875" errors="0" timestamp="29 ago. 2022 14:24:53 GMT" skipped="0">
  <testcase classname="tests.Tests" name="CP07SubNewsletter" time="9.875"/>
</testsuite> <!-- tests.Tests -->
