<?xml version="1.0" encoding="UTF-8"?>
<!-- Generated by org.testng.reporters.JUnitReportReporter -->
<testsuite hostname="DESKTOP-VV5T8OA" failures="0" tests="8" name="tests.Tests" time="70.386" errors="0" timestamp="29 ago. 2022 14:48:18 GMT" skipped="0">
  <testcase classname="tests.Tests" name="CP05AgregarProducto" time="10.507"/>
  <testcase classname="tests.Tests" name="CP004VoteCommunityPollSinLoggear" time="6.300"/>
  <testcase classname="tests.Tests" name="CP06LoginPassInvalido" time="5.966"/>
  <testcase classname="tests.Tests" name="CP03LoginUserInvalido" time="7.097"/>
  <testcase classname="tests.Tests" name="CP00registrook" time="11.729"/>
  <testcase classname="tests.Tests" name="CP01RegistroNOOK" time="13.282"/>
  <testcase classname="tests.Tests" name="CP02LoginOK" time="6.629"/>
  <testcase classname="tests.Tests" name="CP07SubNewsletter" time="8.876"/>
</testsuite> <!-- tests.Tests -->
